[2020-06-05 05:59:53] - lgb_StratifiedKFold_06050559_chip_exc_wl_label - train_x shape: (7436, 555)
[2020-06-05 05:59:53] - lgb_StratifiedKFold_06050559_chip_exc_wl_label - train_y shape: (7436,)
[2020-06-05 05:59:53] - lgb_StratifiedKFold_06050559_chip_exc_wl_label - start training cv
[2020-06-05 05:59:53] - lgb_StratifiedKFold_06050559_chip_exc_wl_label - cv method: StratifiedKFold - group: hoge - stratify: chip_exc_wl_label
[2020-06-05 05:59:53] - lgb_StratifiedKFold_06050559_chip_exc_wl_label fold 0 - start training
[2020-06-05 06:00:21] - lgb_StratifiedKFold_06050559_chip_exc_wl_label fold 0 - end training - score 0.590878604963112
[2020-06-05 06:00:21] - lgb_StratifiedKFold_06050559_chip_exc_wl_label fold 1 - start training
[2020-06-05 06:00:52] - lgb_StratifiedKFold_06050559_chip_exc_wl_label fold 1 - end training - score 0.6178643384822028
[2020-06-05 06:00:52] - lgb_StratifiedKFold_06050559_chip_exc_wl_label fold 2 - start training
[2020-06-05 06:01:24] - lgb_StratifiedKFold_06050559_chip_exc_wl_label fold 2 - end training - score 0.605510752688172
[2020-06-05 06:01:24] - lgb_StratifiedKFold_06050559_chip_exc_wl_label fold 3 - start training
[2020-06-05 06:02:16] - lgb_StratifiedKFold_06050559_chip_exc_wl_label fold 3 - end training - score 0.6191117092866757
[2020-06-05 06:02:16] - lgb_StratifiedKFold_06050559_chip_exc_wl_label fold 4 - start training
[2020-06-05 06:03:01] - lgb_StratifiedKFold_06050559_chip_exc_wl_label fold 4 - end training - score 0.5964912280701754
[2020-06-05 06:03:02] - lgb_StratifiedKFold_06050559_chip_exc_wl_label - end training cv - mean score 0.6059709521247982
[2020-06-05 06:03:02] - lgb_StratifiedKFold_06050559_chip_exc_wl_label - start prediction cv
[2020-06-05 06:03:02] - lgb_StratifiedKFold_06050559_chip_exc_wl_label - start prediction fold:0
[2020-06-05 06:03:03] - lgb_StratifiedKFold_06050559_chip_exc_wl_label - end prediction fold:0
[2020-06-05 06:03:03] - lgb_StratifiedKFold_06050559_chip_exc_wl_label - start prediction fold:1
[2020-06-05 06:03:03] - lgb_StratifiedKFold_06050559_chip_exc_wl_label - end prediction fold:1
[2020-06-05 06:03:03] - lgb_StratifiedKFold_06050559_chip_exc_wl_label - start prediction fold:2
[2020-06-05 06:03:04] - lgb_StratifiedKFold_06050559_chip_exc_wl_label - end prediction fold:2
[2020-06-05 06:03:04] - lgb_StratifiedKFold_06050559_chip_exc_wl_label - start prediction fold:3
[2020-06-05 06:03:04] - lgb_StratifiedKFold_06050559_chip_exc_wl_label - end prediction fold:3
[2020-06-05 06:03:04] - lgb_StratifiedKFold_06050559_chip_exc_wl_label - start prediction fold:4
[2020-06-05 06:03:05] - lgb_StratifiedKFold_06050559_chip_exc_wl_label - end prediction fold:4
[2020-06-05 06:03:05] - lgb_StratifiedKFold_06050559_chip_exc_wl_label - end prediction cv
