[2020-06-05 03:45:57] - lgb_StratifiedGroupKFold_06050345pl_seed99 - train_x shape: (7436, 555)
[2020-06-05 03:45:57] - lgb_StratifiedGroupKFold_06050345pl_seed99 - train_y shape: (7436,)
[2020-06-05 03:45:57] - lgb_StratifiedGroupKFold_06050345pl_seed99 - start training cv
[2020-06-05 03:45:57] - lgb_StratifiedGroupKFold_06050345pl_seed99 - cv method: StratifiedGroupKFold - group: chip_id - stratify: target
[2020-06-05 03:45:57] - lgb_StratifiedGroupKFold_06050345pl_seed99 fold 0 - start training
[2020-06-05 03:46:07] - lgb_StratifiedGroupKFold_06050345pl_seed99 fold 0 - end training - score 0.9280253227967162
[2020-06-05 03:46:07] - lgb_StratifiedGroupKFold_06050345pl_seed99 fold 1 - start training
[2020-06-05 03:46:19] - lgb_StratifiedGroupKFold_06050345pl_seed99 fold 1 - end training - score 0.8887332378269501
[2020-06-05 03:46:19] - lgb_StratifiedGroupKFold_06050345pl_seed99 fold 2 - start training
[2020-06-05 03:46:26] - lgb_StratifiedGroupKFold_06050345pl_seed99 fold 2 - end training - score 0.9117931671503099
[2020-06-05 03:46:26] - lgb_StratifiedGroupKFold_06050345pl_seed99 fold 3 - start training
[2020-06-05 03:46:34] - lgb_StratifiedGroupKFold_06050345pl_seed99 fold 3 - end training - score 0.8613744960201654
[2020-06-05 03:46:34] - lgb_StratifiedGroupKFold_06050345pl_seed99 fold 4 - start training
[2020-06-05 03:46:47] - lgb_StratifiedGroupKFold_06050345pl_seed99 fold 4 - end training - score 0.8540451606629387
[2020-06-05 03:46:47] - lgb_StratifiedGroupKFold_06050345pl_seed99 - end training cv - mean score 0.8715409251841376
[2020-06-05 03:46:47] - lgb_StratifiedGroupKFold_06050345pl_seed99 - start prediction cv
[2020-06-05 03:46:48] - lgb_StratifiedGroupKFold_06050345pl_seed99 - start prediction fold:0
[2020-06-05 03:46:48] - lgb_StratifiedGroupKFold_06050345pl_seed99 - end prediction fold:0
[2020-06-05 03:46:48] - lgb_StratifiedGroupKFold_06050345pl_seed99 - start prediction fold:1
[2020-06-05 03:46:48] - lgb_StratifiedGroupKFold_06050345pl_seed99 - end prediction fold:1
[2020-06-05 03:46:48] - lgb_StratifiedGroupKFold_06050345pl_seed99 - start prediction fold:2
[2020-06-05 03:46:48] - lgb_StratifiedGroupKFold_06050345pl_seed99 - end prediction fold:2
[2020-06-05 03:46:48] - lgb_StratifiedGroupKFold_06050345pl_seed99 - start prediction fold:3
[2020-06-05 03:46:48] - lgb_StratifiedGroupKFold_06050345pl_seed99 - end prediction fold:3
[2020-06-05 03:46:48] - lgb_StratifiedGroupKFold_06050345pl_seed99 - start prediction fold:4
[2020-06-05 03:46:48] - lgb_StratifiedGroupKFold_06050345pl_seed99 - end prediction fold:4
[2020-06-05 03:46:48] - lgb_StratifiedGroupKFold_06050345pl_seed99 - end prediction cv
[2020-06-05 03:46:48] - lgb_StratifiedGroupKFold_06050345pl_seed99 - start create submission
[2020-06-05 03:46:48] - lgb_StratifiedGroupKFold_06050345pl_seed99 - end create submission
