[2020-06-05 03:41:51] - lgb_StratifiedGroupKFold_06050341pl_seed42 - train_x shape: (7436, 555)
[2020-06-05 03:41:51] - lgb_StratifiedGroupKFold_06050341pl_seed42 - train_y shape: (7436,)
[2020-06-05 03:41:51] - lgb_StratifiedGroupKFold_06050341pl_seed42 - start training cv
[2020-06-05 03:41:51] - lgb_StratifiedGroupKFold_06050341pl_seed42 - cv method: StratifiedGroupKFold - group: chip_id - stratify: target
[2020-06-05 03:41:51] - lgb_StratifiedGroupKFold_06050341pl_seed42 fold 0 - start training
[2020-06-05 03:41:59] - lgb_StratifiedGroupKFold_06050341pl_seed42 fold 0 - end training - score 0.9280253227967162
[2020-06-05 03:41:59] - lgb_StratifiedGroupKFold_06050341pl_seed42 fold 1 - start training
[2020-06-05 03:42:08] - lgb_StratifiedGroupKFold_06050341pl_seed42 fold 1 - end training - score 0.8887332378269501
[2020-06-05 03:42:08] - lgb_StratifiedGroupKFold_06050341pl_seed42 fold 2 - start training
[2020-06-05 03:42:13] - lgb_StratifiedGroupKFold_06050341pl_seed42 fold 2 - end training - score 0.9117931671503099
[2020-06-05 03:42:13] - lgb_StratifiedGroupKFold_06050341pl_seed42 fold 3 - start training
[2020-06-05 03:42:20] - lgb_StratifiedGroupKFold_06050341pl_seed42 fold 3 - end training - score 0.8613744960201654
[2020-06-05 03:42:20] - lgb_StratifiedGroupKFold_06050341pl_seed42 fold 4 - start training
[2020-06-05 03:42:29] - lgb_StratifiedGroupKFold_06050341pl_seed42 fold 4 - end training - score 0.8540451606629387
[2020-06-05 03:42:29] - lgb_StratifiedGroupKFold_06050341pl_seed42 - end training cv - mean score 0.8715409251841376
[2020-06-05 03:42:29] - lgb_StratifiedGroupKFold_06050341pl_seed42 - start prediction cv
[2020-06-05 03:42:29] - lgb_StratifiedGroupKFold_06050341pl_seed42 - start prediction fold:0
[2020-06-05 03:42:30] - lgb_StratifiedGroupKFold_06050341pl_seed42 - end prediction fold:0
[2020-06-05 03:42:30] - lgb_StratifiedGroupKFold_06050341pl_seed42 - start prediction fold:1
[2020-06-05 03:42:30] - lgb_StratifiedGroupKFold_06050341pl_seed42 - end prediction fold:1
[2020-06-05 03:42:30] - lgb_StratifiedGroupKFold_06050341pl_seed42 - start prediction fold:2
[2020-06-05 03:42:30] - lgb_StratifiedGroupKFold_06050341pl_seed42 - end prediction fold:2
[2020-06-05 03:42:30] - lgb_StratifiedGroupKFold_06050341pl_seed42 - start prediction fold:3
[2020-06-05 03:42:30] - lgb_StratifiedGroupKFold_06050341pl_seed42 - end prediction fold:3
[2020-06-05 03:42:30] - lgb_StratifiedGroupKFold_06050341pl_seed42 - start prediction fold:4
[2020-06-05 03:42:30] - lgb_StratifiedGroupKFold_06050341pl_seed42 - end prediction fold:4
[2020-06-05 03:42:30] - lgb_StratifiedGroupKFold_06050341pl_seed42 - end prediction cv
[2020-06-05 03:42:30] - lgb_StratifiedGroupKFold_06050341pl_seed42 - start create submission
[2020-06-05 03:42:30] - lgb_StratifiedGroupKFold_06050341pl_seed42 - end create submission
