[2020-06-06 00:38:34] - cat_StratifiedKFold_06060038 - train_x shape: (7436, 557)
[2020-06-06 00:38:34] - cat_StratifiedKFold_06060038 - train_y shape: (7436,)
[2020-06-06 00:38:34] - cat_StratifiedKFold_06060038 - start training cv
[2020-06-06 00:38:34] - cat_StratifiedKFold_06060038 - cv method: StratifiedKFold - group: chip_id - stratify: target
[2020-06-06 00:38:34] - cat_StratifiedKFold_06060038 fold 0 - start training
[2020-06-06 00:40:37] - cat_StratifiedKFold_06060038 fold 0 - end training - score 0.8256398861095208
[2020-06-06 00:40:37] - cat_StratifiedKFold_06060038 fold 1 - start training
[2020-06-06 00:42:21] - cat_StratifiedKFold_06060038 fold 1 - end training - score 0.9075499172399129
[2020-06-06 00:42:21] - cat_StratifiedKFold_06060038 fold 2 - start training
[2020-06-06 00:47:39] - cat_StratifiedKFold_06060038 fold 2 - end training - score 0.9498213662638378
[2020-06-06 00:47:39] - cat_StratifiedKFold_06060038 fold 3 - start training
[2020-06-06 00:50:44] - cat_StratifiedKFold_06060038 fold 3 - end training - score 0.91645967359301
[2020-06-06 00:50:44] - cat_StratifiedKFold_06060038 fold 4 - start training
[2020-06-06 00:52:48] - cat_StratifiedKFold_06060038 fold 4 - end training - score 0.8854898247924327
[2020-06-06 00:52:48] - cat_StratifiedKFold_06060038 - end training cv - mean score:0.8969921335997428 - alldata mean:0.8955093501533792
[2020-06-06 00:52:48] - cat_StratifiedKFold_06060038 - start prediction cv
[2020-06-06 00:52:48] - cat_StratifiedKFold_06060038 - start prediction fold:0
[2020-06-06 00:52:49] - cat_StratifiedKFold_06060038 - end prediction fold:0
[2020-06-06 00:52:49] - cat_StratifiedKFold_06060038 - start prediction fold:1
[2020-06-06 00:52:50] - cat_StratifiedKFold_06060038 - end prediction fold:1
[2020-06-06 00:52:50] - cat_StratifiedKFold_06060038 - start prediction fold:2
[2020-06-06 00:52:51] - cat_StratifiedKFold_06060038 - end prediction fold:2
[2020-06-06 00:52:51] - cat_StratifiedKFold_06060038 - start prediction fold:3
[2020-06-06 00:52:52] - cat_StratifiedKFold_06060038 - end prediction fold:3
[2020-06-06 00:52:52] - cat_StratifiedKFold_06060038 - start prediction fold:4
[2020-06-06 00:52:53] - cat_StratifiedKFold_06060038 - end prediction fold:4
[2020-06-06 00:52:53] - cat_StratifiedKFold_06060038 - end prediction cv
[2020-06-06 00:52:53] - cat_StratifiedKFold_06060038 - start create submission
[2020-06-06 00:52:53] - cat_StratifiedKFold_06060038 - end create submission
