[2020-06-05 04:05:57] - lgb_StratifiedKFold_06050405 - train_x shape: (7436, 555)
[2020-06-05 04:05:57] - lgb_StratifiedKFold_06050405 - train_y shape: (7436,)
[2020-06-05 04:05:57] - lgb_StratifiedKFold_06050405 - start training cv
[2020-06-05 04:05:57] - lgb_StratifiedKFold_06050405 - cv method: StratifiedKFold - group: chip_id - stratify: target
[2020-06-05 04:05:57] - lgb_StratifiedKFold_06050405 fold 0 - start training
[2020-06-05 04:06:01] - lgb_StratifiedKFold_06050405 fold 0 - end training - score 0.8099144740785276
[2020-06-05 04:06:01] - lgb_StratifiedKFold_06050405 fold 1 - start training
[2020-06-05 04:06:04] - lgb_StratifiedKFold_06050405 fold 1 - end training - score 0.9320331525604748
[2020-06-05 04:06:04] - lgb_StratifiedKFold_06050405 fold 2 - start training
[2020-06-05 04:06:11] - lgb_StratifiedKFold_06050405 fold 2 - end training - score 0.9275077103173999
[2020-06-05 04:06:11] - lgb_StratifiedKFold_06050405 fold 3 - start training
[2020-06-05 04:06:16] - lgb_StratifiedKFold_06050405 fold 3 - end training - score 0.8954044311802726
[2020-06-05 04:06:16] - lgb_StratifiedKFold_06050405 fold 4 - start training
[2020-06-05 04:06:20] - lgb_StratifiedKFold_06050405 fold 4 - end training - score 0.8942129639748893
[2020-06-05 04:06:20] - lgb_StratifiedKFold_06050405 - end training cv - mean score 0.8804203573748636
[2020-06-05 04:06:20] - lgb_StratifiedKFold_06050405 - start prediction cv
[2020-06-05 04:06:20] - lgb_StratifiedKFold_06050405 - start prediction fold:0
[2020-06-05 04:06:21] - lgb_StratifiedKFold_06050405 - end prediction fold:0
[2020-06-05 04:06:21] - lgb_StratifiedKFold_06050405 - start prediction fold:1
[2020-06-05 04:06:21] - lgb_StratifiedKFold_06050405 - end prediction fold:1
[2020-06-05 04:06:21] - lgb_StratifiedKFold_06050405 - start prediction fold:2
[2020-06-05 04:06:21] - lgb_StratifiedKFold_06050405 - end prediction fold:2
[2020-06-05 04:06:21] - lgb_StratifiedKFold_06050405 - start prediction fold:3
[2020-06-05 04:06:21] - lgb_StratifiedKFold_06050405 - end prediction fold:3
[2020-06-05 04:06:21] - lgb_StratifiedKFold_06050405 - start prediction fold:4
[2020-06-05 04:06:21] - lgb_StratifiedKFold_06050405 - end prediction fold:4
[2020-06-05 04:06:21] - lgb_StratifiedKFold_06050405 - end prediction cv
[2020-06-05 04:06:21] - lgb_StratifiedKFold_06050405 - start create submission
[2020-06-05 04:06:21] - lgb_StratifiedKFold_06050405 - end create submission
